Started GET "/" for ::1 at 2019-06-24 11:16:49 -0400
  
ActiveRecord::NoDatabaseError (FATAL:  database "organizer-back-end_development" does not exist
):
  
activerecord (5.2.3) lib/active_record/connection_adapters/postgresql_adapter.rb:696:in `rescue in connect'
activerecord (5.2.3) lib/active_record/connection_adapters/postgresql_adapter.rb:691:in `connect'
activerecord (5.2.3) lib/active_record/connection_adapters/postgresql_adapter.rb:223:in `initialize'
activerecord (5.2.3) lib/active_record/connection_adapters/postgresql_adapter.rb:48:in `new'
activerecord (5.2.3) lib/active_record/connection_adapters/postgresql_adapter.rb:48:in `postgresql_connection'
activerecord (5.2.3) lib/active_record/connection_adapters/abstract/connection_pool.rb:811:in `new_connection'
activerecord (5.2.3) lib/active_record/connection_adapters/abstract/connection_pool.rb:855:in `checkout_new_connection'
activerecord (5.2.3) lib/active_record/connection_adapters/abstract/connection_pool.rb:834:in `try_to_checkout_new_connection'
activerecord (5.2.3) lib/active_record/connection_adapters/abstract/connection_pool.rb:795:in `acquire_connection'
activerecord (5.2.3) lib/active_record/connection_adapters/abstract/connection_pool.rb:523:in `checkout'
activerecord (5.2.3) lib/active_record/connection_adapters/abstract/connection_pool.rb:382:in `connection'
activerecord (5.2.3) lib/active_record/connection_adapters/abstract/connection_pool.rb:1014:in `retrieve_connection'
activerecord (5.2.3) lib/active_record/connection_handling.rb:118:in `retrieve_connection'
activerecord (5.2.3) lib/active_record/connection_handling.rb:90:in `connection'
activerecord (5.2.3) lib/active_record/migration.rb:554:in `call'
actionpack (5.2.3) lib/action_dispatch/middleware/callbacks.rb:28:in `block in call'
activesupport (5.2.3) lib/active_support/callbacks.rb:98:in `run_callbacks'
actionpack (5.2.3) lib/action_dispatch/middleware/callbacks.rb:26:in `call'
actionpack (5.2.3) lib/action_dispatch/middleware/executor.rb:14:in `call'
actionpack (5.2.3) lib/action_dispatch/middleware/debug_exceptions.rb:61:in `call'
actionpack (5.2.3) lib/action_dispatch/middleware/show_exceptions.rb:33:in `call'
railties (5.2.3) lib/rails/rack/logger.rb:38:in `call_app'
railties (5.2.3) lib/rails/rack/logger.rb:26:in `block in call'
activesupport (5.2.3) lib/active_support/tagged_logging.rb:71:in `block in tagged'
activesupport (5.2.3) lib/active_support/tagged_logging.rb:28:in `tagged'
activesupport (5.2.3) lib/active_support/tagged_logging.rb:71:in `tagged'
railties (5.2.3) lib/rails/rack/logger.rb:26:in `call'
actionpack (5.2.3) lib/action_dispatch/middleware/remote_ip.rb:81:in `call'
actionpack (5.2.3) lib/action_dispatch/middleware/request_id.rb:27:in `call'
rack (2.0.7) lib/rack/runtime.rb:22:in `call'
activesupport (5.2.3) lib/active_support/cache/strategy/local_cache_middleware.rb:29:in `call'
actionpack (5.2.3) lib/action_dispatch/middleware/executor.rb:14:in `call'
actionpack (5.2.3) lib/action_dispatch/middleware/static.rb:127:in `call'
rack (2.0.7) lib/rack/sendfile.rb:111:in `call'
railties (5.2.3) lib/rails/engine.rb:524:in `call'
puma (3.12.1) lib/puma/configuration.rb:227:in `call'
puma (3.12.1) lib/puma/server.rb:660:in `handle_request'
puma (3.12.1) lib/puma/server.rb:474:in `process_client'
puma (3.12.1) lib/puma/server.rb:334:in `block in run'
puma (3.12.1) lib/puma/thread_pool.rb:135:in `block in spawn_thread'
Started POST "/signin" for ::1 at 2019-06-24 11:17:54 -0400
  
ActiveRecord::NoDatabaseError (FATAL:  database "organizer-back-end_development" does not exist
):
  
activerecord (5.2.3) lib/active_record/connection_adapters/postgresql_adapter.rb:696:in `rescue in connect'
activerecord (5.2.3) lib/active_record/connection_adapters/postgresql_adapter.rb:691:in `connect'
activerecord (5.2.3) lib/active_record/connection_adapters/postgresql_adapter.rb:223:in `initialize'
activerecord (5.2.3) lib/active_record/connection_adapters/postgresql_adapter.rb:48:in `new'
activerecord (5.2.3) lib/active_record/connection_adapters/postgresql_adapter.rb:48:in `postgresql_connection'
activerecord (5.2.3) lib/active_record/connection_adapters/abstract/connection_pool.rb:811:in `new_connection'
activerecord (5.2.3) lib/active_record/connection_adapters/abstract/connection_pool.rb:855:in `checkout_new_connection'
activerecord (5.2.3) lib/active_record/connection_adapters/abstract/connection_pool.rb:834:in `try_to_checkout_new_connection'
activerecord (5.2.3) lib/active_record/connection_adapters/abstract/connection_pool.rb:795:in `acquire_connection'
activerecord (5.2.3) lib/active_record/connection_adapters/abstract/connection_pool.rb:523:in `checkout'
activerecord (5.2.3) lib/active_record/connection_adapters/abstract/connection_pool.rb:382:in `connection'
activerecord (5.2.3) lib/active_record/connection_adapters/abstract/connection_pool.rb:1014:in `retrieve_connection'
activerecord (5.2.3) lib/active_record/connection_handling.rb:118:in `retrieve_connection'
activerecord (5.2.3) lib/active_record/connection_handling.rb:90:in `connection'
activerecord (5.2.3) lib/active_record/migration.rb:554:in `call'
actionpack (5.2.3) lib/action_dispatch/middleware/callbacks.rb:28:in `block in call'
activesupport (5.2.3) lib/active_support/callbacks.rb:98:in `run_callbacks'
actionpack (5.2.3) lib/action_dispatch/middleware/callbacks.rb:26:in `call'
actionpack (5.2.3) lib/action_dispatch/middleware/executor.rb:14:in `call'
actionpack (5.2.3) lib/action_dispatch/middleware/debug_exceptions.rb:61:in `call'
actionpack (5.2.3) lib/action_dispatch/middleware/show_exceptions.rb:33:in `call'
railties (5.2.3) lib/rails/rack/logger.rb:38:in `call_app'
railties (5.2.3) lib/rails/rack/logger.rb:26:in `block in call'
activesupport (5.2.3) lib/active_support/tagged_logging.rb:71:in `block in tagged'
activesupport (5.2.3) lib/active_support/tagged_logging.rb:28:in `tagged'
activesupport (5.2.3) lib/active_support/tagged_logging.rb:71:in `tagged'
railties (5.2.3) lib/rails/rack/logger.rb:26:in `call'
actionpack (5.2.3) lib/action_dispatch/middleware/remote_ip.rb:81:in `call'
actionpack (5.2.3) lib/action_dispatch/middleware/request_id.rb:27:in `call'
rack (2.0.7) lib/rack/runtime.rb:22:in `call'
activesupport (5.2.3) lib/active_support/cache/strategy/local_cache_middleware.rb:29:in `call'
actionpack (5.2.3) lib/action_dispatch/middleware/executor.rb:14:in `call'
actionpack (5.2.3) lib/action_dispatch/middleware/static.rb:127:in `call'
rack (2.0.7) lib/rack/sendfile.rb:111:in `call'
railties (5.2.3) lib/rails/engine.rb:524:in `call'
puma (3.12.1) lib/puma/configuration.rb:227:in `call'
puma (3.12.1) lib/puma/server.rb:660:in `handle_request'
puma (3.12.1) lib/puma/server.rb:474:in `process_client'
puma (3.12.1) lib/puma/server.rb:334:in `block in run'
puma (3.12.1) lib/puma/thread_pool.rb:135:in `block in spawn_thread'
  [1m[35m (441.0ms)[0m  [1m[35mCREATE DATABASE "organizer-back-end_development" ENCODING = 'unicode'[0m
  ↳ bin/rails:9
  [1m[35m (377.9ms)[0m  [1m[35mCREATE DATABASE "organizer-back-end_test" ENCODING = 'unicode'[0m
  ↳ bin/rails:9
Started POST "/signin" for ::1 at 2019-06-24 11:21:04 -0400
  
ActionController::RoutingError (uninitialized constant AuthController):
  
bootsnap (1.4.4) lib/bootsnap/load_path_cache/core_ext/active_support.rb:79:in `block in load_missing_constant'
bootsnap (1.4.4) lib/bootsnap/load_path_cache/core_ext/active_support.rb:8:in `without_bootsnap_cache'
bootsnap (1.4.4) lib/bootsnap/load_path_cache/core_ext/active_support.rb:79:in `rescue in load_missing_constant'
bootsnap (1.4.4) lib/bootsnap/load_path_cache/core_ext/active_support.rb:58:in `load_missing_constant'
activesupport (5.2.3) lib/active_support/inflector/methods.rb:283:in `const_get'
activesupport (5.2.3) lib/active_support/inflector/methods.rb:283:in `block in constantize'
activesupport (5.2.3) lib/active_support/inflector/methods.rb:281:in `each'
activesupport (5.2.3) lib/active_support/inflector/methods.rb:281:in `inject'
activesupport (5.2.3) lib/active_support/inflector/methods.rb:281:in `constantize'
actionpack (5.2.3) lib/action_dispatch/http/request.rb:88:in `controller_class_for'
actionpack (5.2.3) lib/action_dispatch/http/request.rb:81:in `controller_class'
actionpack (5.2.3) lib/action_dispatch/routing/route_set.rb:46:in `controller'
actionpack (5.2.3) lib/action_dispatch/routing/route_set.rb:32:in `serve'
actionpack (5.2.3) lib/action_dispatch/journey/router.rb:52:in `block in serve'
actionpack (5.2.3) lib/action_dispatch/journey/router.rb:35:in `each'
actionpack (5.2.3) lib/action_dispatch/journey/router.rb:35:in `serve'
actionpack (5.2.3) lib/action_dispatch/routing/route_set.rb:840:in `call'
rack (2.0.7) lib/rack/etag.rb:25:in `call'
rack (2.0.7) lib/rack/conditional_get.rb:38:in `call'
rack (2.0.7) lib/rack/head.rb:12:in `call'
activerecord (5.2.3) lib/active_record/migration.rb:559:in `call'
actionpack (5.2.3) lib/action_dispatch/middleware/callbacks.rb:28:in `block in call'
activesupport (5.2.3) lib/active_support/callbacks.rb:98:in `run_callbacks'
actionpack (5.2.3) lib/action_dispatch/middleware/callbacks.rb:26:in `call'
actionpack (5.2.3) lib/action_dispatch/middleware/executor.rb:14:in `call'
actionpack (5.2.3) lib/action_dispatch/middleware/debug_exceptions.rb:61:in `call'
actionpack (5.2.3) lib/action_dispatch/middleware/show_exceptions.rb:33:in `call'
railties (5.2.3) lib/rails/rack/logger.rb:38:in `call_app'
railties (5.2.3) lib/rails/rack/logger.rb:26:in `block in call'
activesupport (5.2.3) lib/active_support/tagged_logging.rb:71:in `block in tagged'
activesupport (5.2.3) lib/active_support/tagged_logging.rb:28:in `tagged'
activesupport (5.2.3) lib/active_support/tagged_logging.rb:71:in `tagged'
railties (5.2.3) lib/rails/rack/logger.rb:26:in `call'
actionpack (5.2.3) lib/action_dispatch/middleware/remote_ip.rb:81:in `call'
actionpack (5.2.3) lib/action_dispatch/middleware/request_id.rb:27:in `call'
rack (2.0.7) lib/rack/runtime.rb:22:in `call'
activesupport (5.2.3) lib/active_support/cache/strategy/local_cache_middleware.rb:29:in `call'
actionpack (5.2.3) lib/action_dispatch/middleware/executor.rb:14:in `call'
actionpack (5.2.3) lib/action_dispatch/middleware/static.rb:127:in `call'
rack (2.0.7) lib/rack/sendfile.rb:111:in `call'
railties (5.2.3) lib/rails/engine.rb:524:in `call'
puma (3.12.1) lib/puma/configuration.rb:227:in `call'
puma (3.12.1) lib/puma/server.rb:660:in `handle_request'
puma (3.12.1) lib/puma/server.rb:474:in `process_client'
puma (3.12.1) lib/puma/server.rb:334:in `block in run'
puma (3.12.1) lib/puma/thread_pool.rb:135:in `block in spawn_thread'
Started POST "/signin" for ::1 at 2019-06-24 11:23:13 -0400
  
AbstractController::ActionNotFound (The action 'signin' could not be found for AuthController):
  
actionpack (5.2.3) lib/abstract_controller/base.rb:129:in `process'
actionpack (5.2.3) lib/action_controller/metal.rb:191:in `dispatch'
actionpack (5.2.3) lib/action_controller/metal.rb:252:in `dispatch'
actionpack (5.2.3) lib/action_dispatch/routing/route_set.rb:52:in `dispatch'
actionpack (5.2.3) lib/action_dispatch/routing/route_set.rb:34:in `serve'
actionpack (5.2.3) lib/action_dispatch/journey/router.rb:52:in `block in serve'
actionpack (5.2.3) lib/action_dispatch/journey/router.rb:35:in `each'
actionpack (5.2.3) lib/action_dispatch/journey/router.rb:35:in `serve'
actionpack (5.2.3) lib/action_dispatch/routing/route_set.rb:840:in `call'
rack (2.0.7) lib/rack/etag.rb:25:in `call'
rack (2.0.7) lib/rack/conditional_get.rb:38:in `call'
rack (2.0.7) lib/rack/head.rb:12:in `call'
activerecord (5.2.3) lib/active_record/migration.rb:559:in `call'
actionpack (5.2.3) lib/action_dispatch/middleware/callbacks.rb:28:in `block in call'
activesupport (5.2.3) lib/active_support/callbacks.rb:98:in `run_callbacks'
actionpack (5.2.3) lib/action_dispatch/middleware/callbacks.rb:26:in `call'
actionpack (5.2.3) lib/action_dispatch/middleware/executor.rb:14:in `call'
actionpack (5.2.3) lib/action_dispatch/middleware/debug_exceptions.rb:61:in `call'
actionpack (5.2.3) lib/action_dispatch/middleware/show_exceptions.rb:33:in `call'
railties (5.2.3) lib/rails/rack/logger.rb:38:in `call_app'
railties (5.2.3) lib/rails/rack/logger.rb:26:in `block in call'
activesupport (5.2.3) lib/active_support/tagged_logging.rb:71:in `block in tagged'
activesupport (5.2.3) lib/active_support/tagged_logging.rb:28:in `tagged'
activesupport (5.2.3) lib/active_support/tagged_logging.rb:71:in `tagged'
railties (5.2.3) lib/rails/rack/logger.rb:26:in `call'
actionpack (5.2.3) lib/action_dispatch/middleware/remote_ip.rb:81:in `call'
actionpack (5.2.3) lib/action_dispatch/middleware/request_id.rb:27:in `call'
rack (2.0.7) lib/rack/runtime.rb:22:in `call'
activesupport (5.2.3) lib/active_support/cache/strategy/local_cache_middleware.rb:29:in `call'
actionpack (5.2.3) lib/action_dispatch/middleware/executor.rb:14:in `call'
actionpack (5.2.3) lib/action_dispatch/middleware/static.rb:127:in `call'
rack (2.0.7) lib/rack/sendfile.rb:111:in `call'
railties (5.2.3) lib/rails/engine.rb:524:in `call'
puma (3.12.1) lib/puma/configuration.rb:227:in `call'
puma (3.12.1) lib/puma/server.rb:660:in `handle_request'
puma (3.12.1) lib/puma/server.rb:474:in `process_client'
puma (3.12.1) lib/puma/server.rb:334:in `block in run'
puma (3.12.1) lib/puma/thread_pool.rb:135:in `block in spawn_thread'
Started POST "/signin" for ::1 at 2019-06-24 11:23:28 -0400
Processing by AuthController#signin as */*
  Parameters: {"username"=>"", "password"=>"[FILTERED]", "auth"=>{"username"=>"", "password"=>"[FILTERED]"}}
Completed 204 No Content in 0ms (ActiveRecord: 0.0ms)


Started POST "/login" for ::1 at 2019-06-24 11:24:06 -0400
Processing by AuthController#login as */*
  Parameters: {"username"=>"", "password"=>"[FILTERED]", "auth"=>{"username"=>"", "password"=>"[FILTERED]"}}
Completed 204 No Content in 0ms (ActiveRecord: 0.0ms)


Started POST "/login" for ::1 at 2019-06-24 11:24:50 -0400
Processing by AuthController#login as */*
  Parameters: {"username"=>"", "password"=>"[FILTERED]", "auth"=>{"username"=>"", "password"=>"[FILTERED]"}}
Completed 204 No Content in 0ms (ActiveRecord: 0.0ms)


Started POST "/login" for ::1 at 2019-06-24 11:26:33 -0400
Processing by AuthController#login as */*
  Parameters: {"username"=>"", "password"=>"[FILTERED]", "auth"=>{"username"=>"", "password"=>"[FILTERED]"}}
Completed 204 No Content in 0ms (ActiveRecord: 0.0ms)


Started POST "/login" for ::1 at 2019-06-24 11:26:52 -0400
Processing by AuthController#login as */*
  Parameters: {"username"=>"", "password"=>"[FILTERED]", "auth"=>{"username"=>"", "password"=>"[FILTERED]"}}
Completed 204 No Content in 0ms (ActiveRecord: 0.0ms)


  [1m[35m (25.8ms)[0m  [1m[35mCREATE TABLE "schema_migrations" ("version" character varying NOT NULL PRIMARY KEY)[0m
  ↳ bin/rails:9
  [1m[35m (5.4ms)[0m  [1m[35mCREATE TABLE "ar_internal_metadata" ("key" character varying NOT NULL PRIMARY KEY, "value" character varying, "created_at" timestamp NOT NULL, "updated_at" timestamp NOT NULL)[0m
  ↳ bin/rails:9
  [1m[35m (0.9ms)[0m  [1m[34mSELECT pg_try_advisory_lock(2322694216991824725)[0m
  ↳ bin/rails:9
  [1m[35m (1.0ms)[0m  [1m[34mSELECT "schema_migrations"."version" FROM "schema_migrations" ORDER BY "schema_migrations"."version" ASC[0m
  ↳ bin/rails:9
Migrating to CreateUsers (20190624153253)
  [1m[35m (5.0ms)[0m  [1m[35mBEGIN[0m
  ↳ bin/rails:9
  [1m[35m (9.1ms)[0m  [1m[35mCREATE TABLE "users" ("id" bigserial primary key, "username" character varying, "password_digest" character varying, "created_at" timestamp NOT NULL, "updated_at" timestamp NOT NULL)[0m
  ↳ db/migrate/20190624153253_create_users.rb:3
  [1m[36mActiveRecord::SchemaMigration Create (3.4ms)[0m  [1m[32mINSERT INTO "schema_migrations" ("version") VALUES ($1) RETURNING "version"[0m  [["version", "20190624153253"]]
  ↳ bin/rails:9
  [1m[35m (0.3ms)[0m  [1m[35mCOMMIT[0m
  ↳ bin/rails:9
  [1m[36mActiveRecord::InternalMetadata Load (0.4ms)[0m  [1m[34mSELECT  "ar_internal_metadata".* FROM "ar_internal_metadata" WHERE "ar_internal_metadata"."key" = $1 LIMIT $2[0m  [["key", "environment"], ["LIMIT", 1]]
  ↳ bin/rails:9
  [1m[35m (0.1ms)[0m  [1m[35mBEGIN[0m
  ↳ bin/rails:9
  [1m[36mActiveRecord::InternalMetadata Create (1.0ms)[0m  [1m[32mINSERT INTO "ar_internal_metadata" ("key", "value", "created_at", "updated_at") VALUES ($1, $2, $3, $4) RETURNING "key"[0m  [["key", "environment"], ["value", "development"], ["created_at", "2019-06-24 15:34:01.019893"], ["updated_at", "2019-06-24 15:34:01.019893"]]
  ↳ bin/rails:9
  [1m[35m (0.2ms)[0m  [1m[35mCOMMIT[0m
  ↳ bin/rails:9
  [1m[35m (0.2ms)[0m  [1m[34mSELECT pg_advisory_unlock(2322694216991824725)[0m
  ↳ bin/rails:9
  [1m[35m (0.5ms)[0m  [1m[34mSELECT "schema_migrations"."version" FROM "schema_migrations" ORDER BY "schema_migrations"."version" ASC[0m
  ↳ bin/rails:9
  [1m[35m (0.2ms)[0m  [1m[35mBEGIN[0m
  [1m[36mUser Create (3.1ms)[0m  [1m[32mINSERT INTO "users" ("username", "password_digest", "created_at", "updated_at") VALUES ($1, $2, $3, $4) RETURNING "id"[0m  [["username", "tim"], ["password_digest", "$2a$12$HOcOoPAAshiwKtJEBesDbOlAhSk1n9SC.McRPv7xczA9RkKMfT6Ei"], ["created_at", "2019-06-24 15:40:54.376062"], ["updated_at", "2019-06-24 15:40:54.376062"]]
  [1m[35m (4.2ms)[0m  [1m[35mCOMMIT[0m
  [1m[36mUser Load (1.1ms)[0m  [1m[34mSELECT  "users".* FROM "users" LIMIT $1[0m  [["LIMIT", 11]]
Started POST "/login" for ::1 at 2019-06-24 11:43:33 -0400
  [1m[35m (0.7ms)[0m  [1m[34mSELECT "schema_migrations"."version" FROM "schema_migrations" ORDER BY "schema_migrations"."version" ASC[0m
  ↳ /Users/soyeongoh/.rvm/rubies/ruby-2.6.1/lib/ruby/gems/2.6.0/gems/activerecord-5.2.3/lib/active_record/log_subscriber.rb:98
Processing by AuthController#login as */*
  Parameters: {"username"=>"tim", "password"=>"[FILTERED]", "auth"=>{"username"=>"tim", "password"=>"[FILTERED]"}}
  [1m[36mUser Load (3.4ms)[0m  [1m[34mSELECT  "users".* FROM "users" WHERE "users"."username" = $1 LIMIT $2[0m  [["username", "tim"], ["LIMIT", 1]]
  ↳ app/controllers/auth_controller.rb:6
Completed 204 No Content in 212ms (ActiveRecord: 8.8ms)


Started POST "/login" for ::1 at 2019-06-24 11:44:12 -0400
Processing by AuthController#login as */*
  Parameters: {"username"=>"tim", "password"=>"[FILTERED]", "auth"=>{"username"=>"tim", "password"=>"[FILTERED]"}}
  [1m[36mUser Load (0.2ms)[0m  [1m[34mSELECT  "users".* FROM "users" WHERE "users"."username" = $1 LIMIT $2[0m  [["username", "tim"], ["LIMIT", 1]]
  ↳ app/controllers/auth_controller.rb:6
Completed 204 No Content in 207ms (ActiveRecord: 5.4ms)


Started POST "/login" for ::1 at 2019-06-24 11:44:44 -0400
  [1m[35m (1.0ms)[0m  [1m[34mSELECT "schema_migrations"."version" FROM "schema_migrations" ORDER BY "schema_migrations"."version" ASC[0m
  ↳ /Users/soyeongoh/.rvm/rubies/ruby-2.6.1/lib/ruby/gems/2.6.0/gems/activerecord-5.2.3/lib/active_record/log_subscriber.rb:98
Processing by AuthController#login as */*
  Parameters: {"username"=>"tim", "password"=>"[FILTERED]", "auth"=>{"username"=>"tim", "password"=>"[FILTERED]"}}
  [1m[36mUser Load (0.4ms)[0m  [1m[34mSELECT  "users".* FROM "users" WHERE "users"."username" = $1 LIMIT $2[0m  [["username", "tim"], ["LIMIT", 1]]
  ↳ app/controllers/auth_controller.rb:6
Completed 204 No Content in 206ms (ActiveRecord: 5.9ms)


Started POST "/login" for ::1 at 2019-06-24 11:46:54 -0400
Processing by AuthController#login as */*
  Parameters: {"username"=>"tim", "password"=>"[FILTERED]", "auth"=>{"username"=>"tim", "password"=>"[FILTERED]"}}
  [1m[36mUser Load (0.3ms)[0m  [1m[34mSELECT  "users".* FROM "users" WHERE "users"."username" = $1 LIMIT $2[0m  [["username", "tim"], ["LIMIT", 1]]
  ↳ app/controllers/auth_controller.rb:6
Completed 200 OK in 213ms (Views: 1.4ms | ActiveRecord: 4.9ms)


Started POST "/login" for ::1 at 2019-06-24 13:22:46 -0400
Processing by AuthController#login as */*
  Parameters: {"username"=>"tim", "password"=>"[FILTERED]", "auth"=>{"username"=>"tim", "password"=>"[FILTERED]"}}
  [1m[36mUser Load (0.5ms)[0m  [1m[34mSELECT  "users".* FROM "users" WHERE "users"."username" = $1 LIMIT $2[0m  [["username", "tim"], ["LIMIT", 1]]
  ↳ app/controllers/auth_controller.rb:6
Completed 500 Internal Server Error in 211ms (ActiveRecord: 8.6ms)


  
NameError (uninitialized constant AuthController::JWT):
  
app/controllers/auth_controller.rb:15:in `login'
Started POST "/login" for ::1 at 2019-06-24 13:23:38 -0400
Processing by AuthController#login as */*
  Parameters: {"username"=>"tim", "password"=>"[FILTERED]", "auth"=>{"username"=>"tim", "password"=>"[FILTERED]"}}
  [1m[36mUser Load (0.3ms)[0m  [1m[34mSELECT  "users".* FROM "users" WHERE "users"."username" = $1 LIMIT $2[0m  [["username", "tim"], ["LIMIT", 1]]
  ↳ app/controllers/auth_controller.rb:6
Completed 500 Internal Server Error in 208ms (ActiveRecord: 5.5ms)


  
NameError (uninitialized constant AuthController::JWT):
  
app/controllers/auth_controller.rb:15:in `login'
Started POST "/login" for ::1 at 2019-06-24 13:24:13 -0400
  [1m[35m (0.7ms)[0m  [1m[34mSELECT "schema_migrations"."version" FROM "schema_migrations" ORDER BY "schema_migrations"."version" ASC[0m
  ↳ /Users/soyeongoh/.rvm/rubies/ruby-2.6.1/lib/ruby/gems/2.6.0/gems/activerecord-5.2.3/lib/active_record/log_subscriber.rb:98
Processing by AuthController#login as */*
  Parameters: {"username"=>"tim", "password"=>"[FILTERED]", "auth"=>{"username"=>"tim", "password"=>"[FILTERED]"}}
  [1m[36mUser Load (0.4ms)[0m  [1m[34mSELECT  "users".* FROM "users" WHERE "users"."username" = $1 LIMIT $2[0m  [["username", "tim"], ["LIMIT", 1]]
  ↳ app/controllers/auth_controller.rb:6
Completed 200 OK in 212ms (Views: 0.1ms | ActiveRecord: 7.8ms)


Started POST "/login" for ::1 at 2019-06-24 13:39:26 -0400
  [1m[35m (0.7ms)[0m  [1m[34mSELECT "schema_migrations"."version" FROM "schema_migrations" ORDER BY "schema_migrations"."version" ASC[0m
  ↳ /Users/soyeongoh/.rvm/rubies/ruby-2.6.1/lib/ruby/gems/2.6.0/gems/activerecord-5.2.3/lib/active_record/log_subscriber.rb:98
Processing by AuthController#login as */*
  Parameters: {"username"=>"tim", "password"=>"[FILTERED]", "auth"=>{"username"=>"tim", "password"=>"[FILTERED]"}}
  [1m[36mUser Load (0.4ms)[0m  [1m[34mSELECT  "users".* FROM "users" WHERE "users"."username" = $1 LIMIT $2[0m  [["username", "tim"], ["LIMIT", 1]]
  ↳ app/controllers/auth_controller.rb:6
Completed 200 OK in 218ms (Views: 0.1ms | ActiveRecord: 6.2ms)


Started POST "/login" for ::1 at 2019-06-24 13:39:27 -0400
Processing by AuthController#login as */*
  Parameters: {"username"=>"tim", "password"=>"[FILTERED]", "auth"=>{"username"=>"tim", "password"=>"[FILTERED]"}}
  [1m[36mUser Load (0.4ms)[0m  [1m[34mSELECT  "users".* FROM "users" WHERE "users"."username" = $1 LIMIT $2[0m  [["username", "tim"], ["LIMIT", 1]]
  ↳ app/controllers/auth_controller.rb:6
Completed 200 OK in 200ms (Views: 0.1ms | ActiveRecord: 0.4ms)


Started POST "/login" for ::1 at 2019-06-24 13:39:28 -0400
Processing by AuthController#login as */*
  Parameters: {"username"=>"tim", "password"=>"[FILTERED]", "auth"=>{"username"=>"tim", "password"=>"[FILTERED]"}}
  [1m[36mUser Load (0.4ms)[0m  [1m[34mSELECT  "users".* FROM "users" WHERE "users"."username" = $1 LIMIT $2[0m  [["username", "tim"], ["LIMIT", 1]]
  ↳ app/controllers/auth_controller.rb:6
Completed 200 OK in 202ms (Views: 0.1ms | ActiveRecord: 0.4ms)


Started POST "/signup" for ::1 at 2019-06-24 13:39:31 -0400
  
ActionController::RoutingError (No route matches [POST] "/signup"):
  
actionpack (5.2.3) lib/action_dispatch/middleware/debug_exceptions.rb:65:in `call'
actionpack (5.2.3) lib/action_dispatch/middleware/show_exceptions.rb:33:in `call'
railties (5.2.3) lib/rails/rack/logger.rb:38:in `call_app'
railties (5.2.3) lib/rails/rack/logger.rb:26:in `block in call'
activesupport (5.2.3) lib/active_support/tagged_logging.rb:71:in `block in tagged'
activesupport (5.2.3) lib/active_support/tagged_logging.rb:28:in `tagged'
activesupport (5.2.3) lib/active_support/tagged_logging.rb:71:in `tagged'
railties (5.2.3) lib/rails/rack/logger.rb:26:in `call'
actionpack (5.2.3) lib/action_dispatch/middleware/remote_ip.rb:81:in `call'
actionpack (5.2.3) lib/action_dispatch/middleware/request_id.rb:27:in `call'
rack (2.0.7) lib/rack/runtime.rb:22:in `call'
activesupport (5.2.3) lib/active_support/cache/strategy/local_cache_middleware.rb:29:in `call'
actionpack (5.2.3) lib/action_dispatch/middleware/executor.rb:14:in `call'
actionpack (5.2.3) lib/action_dispatch/middleware/static.rb:127:in `call'
rack (2.0.7) lib/rack/sendfile.rb:111:in `call'
railties (5.2.3) lib/rails/engine.rb:524:in `call'
puma (3.12.1) lib/puma/configuration.rb:227:in `call'
puma (3.12.1) lib/puma/server.rb:660:in `handle_request'
puma (3.12.1) lib/puma/server.rb:474:in `process_client'
puma (3.12.1) lib/puma/server.rb:334:in `block in run'
puma (3.12.1) lib/puma/thread_pool.rb:135:in `block in spawn_thread'
Started POST "/signup" for ::1 at 2019-06-24 13:39:56 -0400
  
ActionController::RoutingError (No route matches [POST] "/signup"):
  
actionpack (5.2.3) lib/action_dispatch/middleware/debug_exceptions.rb:65:in `call'
actionpack (5.2.3) lib/action_dispatch/middleware/show_exceptions.rb:33:in `call'
railties (5.2.3) lib/rails/rack/logger.rb:38:in `call_app'
railties (5.2.3) lib/rails/rack/logger.rb:26:in `block in call'
activesupport (5.2.3) lib/active_support/tagged_logging.rb:71:in `block in tagged'
activesupport (5.2.3) lib/active_support/tagged_logging.rb:28:in `tagged'
activesupport (5.2.3) lib/active_support/tagged_logging.rb:71:in `tagged'
railties (5.2.3) lib/rails/rack/logger.rb:26:in `call'
actionpack (5.2.3) lib/action_dispatch/middleware/remote_ip.rb:81:in `call'
actionpack (5.2.3) lib/action_dispatch/middleware/request_id.rb:27:in `call'
rack (2.0.7) lib/rack/runtime.rb:22:in `call'
activesupport (5.2.3) lib/active_support/cache/strategy/local_cache_middleware.rb:29:in `call'
actionpack (5.2.3) lib/action_dispatch/middleware/executor.rb:14:in `call'
actionpack (5.2.3) lib/action_dispatch/middleware/static.rb:127:in `call'
rack (2.0.7) lib/rack/sendfile.rb:111:in `call'
railties (5.2.3) lib/rails/engine.rb:524:in `call'
puma (3.12.1) lib/puma/configuration.rb:227:in `call'
puma (3.12.1) lib/puma/server.rb:660:in `handle_request'
puma (3.12.1) lib/puma/server.rb:474:in `process_client'
puma (3.12.1) lib/puma/server.rb:334:in `block in run'
puma (3.12.1) lib/puma/thread_pool.rb:135:in `block in spawn_thread'
Started POST "/signup" for ::1 at 2019-06-24 13:40:40 -0400
Processing by UsersController#create as */*
  Parameters: {"username"=>"rob", "password"=>"[FILTERED]", "user"=>{"username"=>"rob"}}
Completed 500 Internal Server Error in 0ms (ActiveRecord: 2.5ms)


  
ArgumentError (wrong number of arguments (given 2, expected 1)):
  
app/controllers/users_controller.rb:20:in `user_params'
app/controllers/users_controller.rb:4:in `create'
Started POST "/signup" for ::1 at 2019-06-24 13:46:19 -0400
Processing by UsersController#create as */*
  Parameters: {"username"=>"rob", "password"=>"[FILTERED]", "user"=>{"username"=>"rob"}}
Completed 500 Internal Server Error in 0ms (ActiveRecord: 0.0ms)


  
ArgumentError (wrong number of arguments (given 2, expected 1)):
  
app/controllers/users_controller.rb:20:in `user_params'
app/controllers/users_controller.rb:4:in `create'
Started POST "/signup" for ::1 at 2019-06-24 13:46:50 -0400
Processing by UsersController#create as */*
  Parameters: {"username"=>"tom", "password"=>"[FILTERED]", "user"=>{"username"=>"tom"}}
Completed 500 Internal Server Error in 0ms (ActiveRecord: 0.0ms)


  
ArgumentError (wrong number of arguments (given 2, expected 1)):
  
app/controllers/users_controller.rb:20:in `user_params'
app/controllers/users_controller.rb:4:in `create'
  [1m[36mUser Load (0.4ms)[0m  [1m[34mSELECT  "users".* FROM "users" LIMIT $1[0m  [["LIMIT", 11]]
Started POST "/signup" for ::1 at 2019-06-24 13:49:43 -0400
  [1m[35m (0.8ms)[0m  [1m[34mSELECT "schema_migrations"."version" FROM "schema_migrations" ORDER BY "schema_migrations"."version" ASC[0m
  ↳ /Users/soyeongoh/.rvm/rubies/ruby-2.6.1/lib/ruby/gems/2.6.0/gems/activerecord-5.2.3/lib/active_record/log_subscriber.rb:98
Processing by UsersController#create as */*
  Parameters: {"username"=>"tom", "password"=>"[FILTERED]", "user"=>{"username"=>"tom"}}
Completed 500 Internal Server Error in 0ms (ActiveRecord: 3.0ms)


  
ArgumentError (wrong number of arguments (given 2, expected 1)):
  
app/controllers/users_controller.rb:20:in `user_params'
app/controllers/users_controller.rb:4:in `create'
Started POST "/signup" for ::1 at 2019-06-24 13:51:40 -0400
Processing by UsersController#create as */*
  Parameters: {"username"=>"tom", "password"=>"[FILTERED]", "user"=>{"username"=>"tom"}}
Unpermitted parameter: :user
  [1m[35m (0.3ms)[0m  [1m[35mBEGIN[0m
  ↳ app/controllers/users_controller.rb:4
  [1m[36mUser Create (0.5ms)[0m  [1m[32mINSERT INTO "users" ("username", "password_digest", "created_at", "updated_at") VALUES ($1, $2, $3, $4) RETURNING "id"[0m  [["username", "tom"], ["password_digest", "$2a$12$nNGlxPz6vf0c09j9f.0HMOb0vqckUYNb75Vjou8ybVj64bCsQl/mK"], ["created_at", "2019-06-24 17:51:40.367010"], ["updated_at", "2019-06-24 17:51:40.367010"]]
  ↳ app/controllers/users_controller.rb:4
  [1m[35m (0.7ms)[0m  [1m[35mCOMMIT[0m
  ↳ app/controllers/users_controller.rb:4
Completed 200 OK in 208ms (Views: 0.1ms | ActiveRecord: 6.8ms)


Started GET "/" for ::1 at 2019-06-24 14:52:54 -0400
Processing by Rails::WelcomeController#index as HTML
  Rendering /Users/soyeongoh/.rvm/rubies/ruby-2.6.1/lib/ruby/gems/2.6.0/gems/railties-5.2.3/lib/rails/templates/rails/welcome/index.html.erb
  Rendered /Users/soyeongoh/.rvm/rubies/ruby-2.6.1/lib/ruby/gems/2.6.0/gems/railties-5.2.3/lib/rails/templates/rails/welcome/index.html.erb (3.0ms)
Completed 200 OK in 10ms (Views: 7.4ms | ActiveRecord: 0.0ms)


Started OPTIONS "/" for ::1 at 2019-06-24 15:56:18 -0400
  
ActionController::RoutingError (No route matches [OPTIONS] "/"):
  
actionpack (5.2.3) lib/action_dispatch/middleware/debug_exceptions.rb:65:in `call'
actionpack (5.2.3) lib/action_dispatch/middleware/show_exceptions.rb:33:in `call'
railties (5.2.3) lib/rails/rack/logger.rb:38:in `call_app'
railties (5.2.3) lib/rails/rack/logger.rb:26:in `block in call'
activesupport (5.2.3) lib/active_support/tagged_logging.rb:71:in `block in tagged'
activesupport (5.2.3) lib/active_support/tagged_logging.rb:28:in `tagged'
activesupport (5.2.3) lib/active_support/tagged_logging.rb:71:in `tagged'
railties (5.2.3) lib/rails/rack/logger.rb:26:in `call'
actionpack (5.2.3) lib/action_dispatch/middleware/remote_ip.rb:81:in `call'
actionpack (5.2.3) lib/action_dispatch/middleware/request_id.rb:27:in `call'
rack (2.0.7) lib/rack/runtime.rb:22:in `call'
activesupport (5.2.3) lib/active_support/cache/strategy/local_cache_middleware.rb:29:in `call'
actionpack (5.2.3) lib/action_dispatch/middleware/executor.rb:14:in `call'
actionpack (5.2.3) lib/action_dispatch/middleware/static.rb:127:in `call'
rack (2.0.7) lib/rack/sendfile.rb:111:in `call'
railties (5.2.3) lib/rails/engine.rb:524:in `call'
puma (3.12.1) lib/puma/configuration.rb:227:in `call'
puma (3.12.1) lib/puma/server.rb:660:in `handle_request'
puma (3.12.1) lib/puma/server.rb:474:in `process_client'
puma (3.12.1) lib/puma/server.rb:334:in `block in run'
puma (3.12.1) lib/puma/thread_pool.rb:135:in `block in spawn_thread'
Started OPTIONS "/" for ::1 at 2019-06-24 15:57:26 -0400
  [1m[35m (1.3ms)[0m  [1m[34mSELECT "schema_migrations"."version" FROM "schema_migrations" ORDER BY "schema_migrations"."version" ASC[0m
  ↳ /Users/soyeongoh/.rvm/rubies/ruby-2.6.1/lib/ruby/gems/2.6.0/gems/activerecord-5.2.3/lib/active_record/log_subscriber.rb:98
  
ActionController::RoutingError (No route matches [OPTIONS] "/"):
  
actionpack (5.2.3) lib/action_dispatch/middleware/debug_exceptions.rb:65:in `call'
actionpack (5.2.3) lib/action_dispatch/middleware/show_exceptions.rb:33:in `call'
railties (5.2.3) lib/rails/rack/logger.rb:38:in `call_app'
railties (5.2.3) lib/rails/rack/logger.rb:26:in `block in call'
activesupport (5.2.3) lib/active_support/tagged_logging.rb:71:in `block in tagged'
activesupport (5.2.3) lib/active_support/tagged_logging.rb:28:in `tagged'
activesupport (5.2.3) lib/active_support/tagged_logging.rb:71:in `tagged'
railties (5.2.3) lib/rails/rack/logger.rb:26:in `call'
actionpack (5.2.3) lib/action_dispatch/middleware/remote_ip.rb:81:in `call'
actionpack (5.2.3) lib/action_dispatch/middleware/request_id.rb:27:in `call'
rack (2.0.7) lib/rack/runtime.rb:22:in `call'
activesupport (5.2.3) lib/active_support/cache/strategy/local_cache_middleware.rb:29:in `call'
actionpack (5.2.3) lib/action_dispatch/middleware/executor.rb:14:in `call'
actionpack (5.2.3) lib/action_dispatch/middleware/static.rb:127:in `call'
rack (2.0.7) lib/rack/sendfile.rb:111:in `call'
railties (5.2.3) lib/rails/engine.rb:524:in `call'
puma (3.12.1) lib/puma/configuration.rb:227:in `call'
puma (3.12.1) lib/puma/server.rb:660:in `handle_request'
puma (3.12.1) lib/puma/server.rb:474:in `process_client'
puma (3.12.1) lib/puma/server.rb:334:in `block in run'
puma (3.12.1) lib/puma/thread_pool.rb:135:in `block in spawn_thread'
Started POST "/" for ::1 at 2019-06-24 16:01:00 -0400
  [1m[35m (0.7ms)[0m  [1m[34mSELECT "schema_migrations"."version" FROM "schema_migrations" ORDER BY "schema_migrations"."version" ASC[0m
  ↳ /Users/soyeongoh/.rvm/rubies/ruby-2.6.1/lib/ruby/gems/2.6.0/gems/activerecord-5.2.3/lib/active_record/log_subscriber.rb:98
  
ActionController::RoutingError (No route matches [POST] "/"):
  
actionpack (5.2.3) lib/action_dispatch/middleware/debug_exceptions.rb:65:in `call'
actionpack (5.2.3) lib/action_dispatch/middleware/show_exceptions.rb:33:in `call'
railties (5.2.3) lib/rails/rack/logger.rb:38:in `call_app'
railties (5.2.3) lib/rails/rack/logger.rb:26:in `block in call'
activesupport (5.2.3) lib/active_support/tagged_logging.rb:71:in `block in tagged'
activesupport (5.2.3) lib/active_support/tagged_logging.rb:28:in `tagged'
activesupport (5.2.3) lib/active_support/tagged_logging.rb:71:in `tagged'
railties (5.2.3) lib/rails/rack/logger.rb:26:in `call'
actionpack (5.2.3) lib/action_dispatch/middleware/remote_ip.rb:81:in `call'
actionpack (5.2.3) lib/action_dispatch/middleware/request_id.rb:27:in `call'
rack (2.0.7) lib/rack/runtime.rb:22:in `call'
activesupport (5.2.3) lib/active_support/cache/strategy/local_cache_middleware.rb:29:in `call'
actionpack (5.2.3) lib/action_dispatch/middleware/executor.rb:14:in `call'
actionpack (5.2.3) lib/action_dispatch/middleware/static.rb:127:in `call'
rack (2.0.7) lib/rack/sendfile.rb:111:in `call'
rack-cors (1.0.3) lib/rack/cors.rb:95:in `call'
railties (5.2.3) lib/rails/engine.rb:524:in `call'
puma (3.12.1) lib/puma/configuration.rb:227:in `call'
puma (3.12.1) lib/puma/server.rb:660:in `handle_request'
puma (3.12.1) lib/puma/server.rb:474:in `process_client'
puma (3.12.1) lib/puma/server.rb:334:in `block in run'
puma (3.12.1) lib/puma/thread_pool.rb:135:in `block in spawn_thread'
Started POST "/login" for ::1 at 2019-06-24 16:01:33 -0400
Processing by AuthController#login as */*
  Parameters: {"username"=>"tim", "password"=>"[FILTERED]", "auth"=>{"username"=>"tim", "password"=>"[FILTERED]"}}
  [1m[36mUser Load (0.4ms)[0m  [1m[34mSELECT  "users".* FROM "users" WHERE "users"."username" = $1 LIMIT $2[0m  [["username", "tim"], ["LIMIT", 1]]
  ↳ app/controllers/auth_controller.rb:6
Completed 200 OK in 212ms (Views: 0.1ms | ActiveRecord: 6.1ms)


Started POST "/login" for ::1 at 2019-06-24 16:06:25 -0400
Processing by AuthController#login as */*
  Parameters: {"username"=>"tim", "password"=>"[FILTERED]", "auth"=>{"username"=>"tim", "password"=>"[FILTERED]"}}
Started POST "/login" for ::1 at 2019-06-24 16:06:25 -0400
  [1m[36mUser Load (0.6ms)[0m  [1m[34mSELECT  "users".* FROM "users" WHERE "users"."username" = $1 LIMIT $2[0m  [["username", "tim"], ["LIMIT", 1]]
  ↳ app/controllers/auth_controller.rb:6
Completed 200 OK in 196ms (Views: 0.1ms | ActiveRecord: 0.6ms)


Processing by AuthController#login as */*
  Parameters: {"username"=>"tim", "password"=>"[FILTERED]", "auth"=>{"username"=>"tim", "password"=>"[FILTERED]"}}
  [1m[36mUser Load (0.5ms)[0m  [1m[34mSELECT  "users".* FROM "users" WHERE "users"."username" = $1 LIMIT $2[0m  [["username", "tim"], ["LIMIT", 1]]
  ↳ app/controllers/auth_controller.rb:6
Completed 200 OK in 194ms (Views: 0.2ms | ActiveRecord: 0.6ms)


Started POST "/login" for ::1 at 2019-06-24 16:06:26 -0400
Processing by AuthController#login as */*
  Parameters: {"username"=>"tim", "password"=>"[FILTERED]", "auth"=>{"username"=>"tim", "password"=>"[FILTERED]"}}
  [1m[36mUser Load (0.3ms)[0m  [1m[34mSELECT  "users".* FROM "users" WHERE "users"."username" = $1 LIMIT $2[0m  [["username", "tim"], ["LIMIT", 1]]
  ↳ app/controllers/auth_controller.rb:6
Completed 200 OK in 192ms (Views: 0.1ms | ActiveRecord: 0.3ms)


Started POST "/login" for ::1 at 2019-06-24 16:09:25 -0400
Processing by AuthController#login as */*
  Parameters: {"username"=>"tim", "password"=>"[FILTERED]", "auth"=>{"username"=>"tim", "password"=>"[FILTERED]"}}
  [1m[36mUser Load (0.4ms)[0m  [1m[34mSELECT  "users".* FROM "users" WHERE "users"."username" = $1 LIMIT $2[0m  [["username", "tim"], ["LIMIT", 1]]
  ↳ app/controllers/auth_controller.rb:6
Completed 200 OK in 193ms (Views: 0.1ms | ActiveRecord: 0.4ms)


Started POST "/login" for ::1 at 2019-06-24 16:09:42 -0400
Processing by AuthController#login as */*
  Parameters: {"username"=>"tim", "password"=>"[FILTERED]", "auth"=>{"username"=>"tim", "password"=>"[FILTERED]"}}
  [1m[36mUser Load (0.3ms)[0m  [1m[34mSELECT  "users".* FROM "users" WHERE "users"."username" = $1 LIMIT $2[0m  [["username", "tim"], ["LIMIT", 1]]
  ↳ app/controllers/auth_controller.rb:6
Completed 200 OK in 191ms (Views: 0.1ms | ActiveRecord: 0.3ms)


Started POST "/login" for ::1 at 2019-06-24 16:09:55 -0400
Processing by AuthController#login as */*
  Parameters: {"username"=>"tim", "password"=>"[FILTERED]", "auth"=>{"username"=>"tim", "password"=>"[FILTERED]"}}
  [1m[36mUser Load (0.2ms)[0m  [1m[34mSELECT  "users".* FROM "users" WHERE "users"."username" = $1 LIMIT $2[0m  [["username", "tim"], ["LIMIT", 1]]
  ↳ app/controllers/auth_controller.rb:6
Completed 200 OK in 191ms (Views: 0.1ms | ActiveRecord: 0.2ms)


Started POST "/login" for ::1 at 2019-06-24 16:10:32 -0400
Processing by AuthController#login as */*
  Parameters: {"username"=>"tim", "password"=>"[FILTERED]", "auth"=>{"username"=>"tim", "password"=>"[FILTERED]"}}
  [1m[36mUser Load (0.2ms)[0m  [1m[34mSELECT  "users".* FROM "users" WHERE "users"."username" = $1 LIMIT $2[0m  [["username", "tim"], ["LIMIT", 1]]
  ↳ app/controllers/auth_controller.rb:6
Completed 200 OK in 196ms (Views: 0.1ms | ActiveRecord: 0.2ms)


Started POST "/login" for ::1 at 2019-06-24 16:19:39 -0400
Processing by AuthController#login as */*
  Parameters: {"username"=>"tim", "password"=>"[FILTERED]", "auth"=>{"username"=>"tim", "password"=>"[FILTERED]"}}
  [1m[36mUser Load (0.4ms)[0m  [1m[34mSELECT  "users".* FROM "users" WHERE "users"."username" = $1 LIMIT $2[0m  [["username", "tim"], ["LIMIT", 1]]
  ↳ app/controllers/auth_controller.rb:6
Completed 200 OK in 192ms (Views: 0.1ms | ActiveRecord: 0.5ms)


Started POST "/login" for ::1 at 2019-06-24 16:21:26 -0400
Processing by AuthController#login as */*
  Parameters: {"username"=>"tim", "password"=>"[FILTERED]", "auth"=>{"username"=>"tim", "password"=>"[FILTERED]"}}
  [1m[36mUser Load (0.3ms)[0m  [1m[34mSELECT  "users".* FROM "users" WHERE "users"."username" = $1 LIMIT $2[0m  [["username", "tim"], ["LIMIT", 1]]
  ↳ app/controllers/auth_controller.rb:6
Completed 200 OK in 193ms (Views: 0.1ms | ActiveRecord: 0.3ms)


Started POST "/login" for ::1 at 2019-06-24 16:22:19 -0400
Processing by AuthController#login as */*
  Parameters: {"username"=>"tim", "password"=>"[FILTERED]", "auth"=>{"username"=>"tim", "password"=>"[FILTERED]"}}
  [1m[36mUser Load (0.2ms)[0m  [1m[34mSELECT  "users".* FROM "users" WHERE "users"."username" = $1 LIMIT $2[0m  [["username", "tim"], ["LIMIT", 1]]
  ↳ app/controllers/auth_controller.rb:6
Completed 200 OK in 192ms (Views: 0.1ms | ActiveRecord: 0.2ms)


Started POST "/login" for ::1 at 2019-06-24 16:23:38 -0400
Processing by AuthController#login as */*
  Parameters: {"username"=>"tim", "password"=>"[FILTERED]", "auth"=>{"username"=>"tim", "password"=>"[FILTERED]"}}
  [1m[36mUser Load (0.2ms)[0m  [1m[34mSELECT  "users".* FROM "users" WHERE "users"."username" = $1 LIMIT $2[0m  [["username", "tim"], ["LIMIT", 1]]
  ↳ app/controllers/auth_controller.rb:6
Completed 200 OK in 187ms (Views: 0.1ms | ActiveRecord: 0.2ms)


Started POST "/login" for ::1 at 2019-06-24 16:33:38 -0400
Processing by AuthController#login as */*
  Parameters: {"username"=>"tim", "password"=>"[FILTERED]", "auth"=>{"username"=>"tim", "password"=>"[FILTERED]"}}
  [1m[36mUser Load (0.4ms)[0m  [1m[34mSELECT  "users".* FROM "users" WHERE "users"."username" = $1 LIMIT $2[0m  [["username", "tim"], ["LIMIT", 1]]
  ↳ app/controllers/auth_controller.rb:6
Completed 200 OK in 205ms (Views: 0.1ms | ActiveRecord: 7.0ms)


Started GET "/profile" for ::1 at 2019-06-24 16:33:38 -0400
Processing by UsersController#profile as */*
Started GET "/profile" for ::1 at 2019-06-24 16:41:51 -0400
Completed 500 Internal Server Error in 492557ms (ActiveRecord: 0.0ms)


  
Started GET "/profile" for ::1 at 2019-06-24 16:41:51 -0400
Started GET "/profile" for ::1 at 2019-06-24 16:41:51 -0400
Started GET "/profile" for ::1 at 2019-06-24 16:41:51 -0400
SystemExit (exit):
  
(byebug):1:in `exit'
(byebug):1:in `profile'
app/controllers/users_controller.rb:20:in `profile'
Processing by UsersController#profile as */*
Started POST "/login" for ::1 at 2019-06-24 16:43:53 -0400
  [1m[35m (0.5ms)[0m  [1m[34mSELECT "schema_migrations"."version" FROM "schema_migrations" ORDER BY "schema_migrations"."version" ASC[0m
  ↳ /Users/soyeongoh/.rvm/rubies/ruby-2.6.1/lib/ruby/gems/2.6.0/gems/activerecord-5.2.3/lib/active_record/log_subscriber.rb:98
Processing by AuthController#login as */*
  Parameters: {"username"=>"tim", "password"=>"[FILTERED]", "auth"=>{"username"=>"tim", "password"=>"[FILTERED]"}}
  [1m[36mUser Load (0.3ms)[0m  [1m[34mSELECT  "users".* FROM "users" WHERE "users"."username" = $1 LIMIT $2[0m  [["username", "tim"], ["LIMIT", 1]]
  ↳ app/controllers/auth_controller.rb:6
Completed 200 OK in 198ms (Views: 0.1ms | ActiveRecord: 4.5ms)


Started GET "/profile" for ::1 at 2019-06-24 16:43:53 -0400
Processing by UsersController#profile as */*
Completed 500 Internal Server Error in 0ms (ActiveRecord: 0.0ms)


  
ArgumentError (Unsupported argument type: 1 (Integer)):
  
app/controllers/users_controller.rb:23:in `profile'
Started GET "/profile" for ::1 at 2019-06-24 16:44:27 -0400
Processing by UsersController#profile as */*
Completed 500 Internal Server Error in 1ms (ActiveRecord: 0.0ms)


  
ArgumentError (Unsupported argument type: 1 (Integer)):
  
app/controllers/users_controller.rb:23:in `profile'
Started GET "/profile" for ::1 at 2019-06-24 16:47:06 -0400
Processing by UsersController#profile as */*
  [1m[36mUser Load (0.7ms)[0m  [1m[34mSELECT  "users".* FROM "users" WHERE "users"."id" = $1 LIMIT $2[0m  [["id", 1], ["LIMIT", 1]]
  ↳ app/controllers/users_controller.rb:23
Completed 200 OK in 16ms (Views: 0.4ms | ActiveRecord: 7.4ms)


Started GET "/profile" for ::1 at 2019-06-24 16:57:32 -0400
Processing by UsersController#profile as */*
Completed 500 Internal Server Error in 1ms (ActiveRecord: 0.0ms)


  
TypeError (no implicit conversion of nil into String):
  
app/controllers/application_controller.rb:20:in `decoded_token'
app/controllers/application_controller.rb:24:in `current_user'
app/controllers/users_controller.rb:21:in `profile'
Started GET "/profile" for ::1 at 2019-06-24 16:58:13 -0400
Processing by UsersController#profile as */*
Completed 500 Internal Server Error in 0ms (ActiveRecord: 0.0ms)


  
TypeError (no implicit conversion of nil into String):
  
app/controllers/application_controller.rb:20:in `decoded_token'
app/controllers/application_controller.rb:24:in `current_user'
app/controllers/users_controller.rb:21:in `profile'
Started POST "/login" for ::1 at 2019-06-24 16:58:29 -0400
Processing by AuthController#login as */*
  Parameters: {"username"=>"tim", "password"=>"[FILTERED]", "auth"=>{"username"=>"tim", "password"=>"[FILTERED]"}}
  [1m[36mUser Load (0.4ms)[0m  [1m[34mSELECT  "users".* FROM "users" WHERE "users"."username" = $1 LIMIT $2[0m  [["username", "tim"], ["LIMIT", 1]]
  ↳ app/controllers/auth_controller.rb:6
Completed 500 Internal Server Error in 204ms (ActiveRecord: 7.2ms)


  
TypeError (no implicit conversion of nil into String):
  
app/controllers/application_controller.rb:8:in `encode_token'
app/controllers/auth_controller.rb:13:in `login'
Started GET "/profile" for ::1 at 2019-06-24 16:58:29 -0400
Processing by UsersController#profile as */*
Completed 500 Internal Server Error in 0ms (ActiveRecord: 0.0ms)


  
JWT::DecodeError (Not enough or too many segments):
  
app/controllers/application_controller.rb:20:in `decoded_token'
app/controllers/application_controller.rb:24:in `current_user'
app/controllers/users_controller.rb:21:in `profile'
Started GET "/profile" for ::1 at 2019-06-24 16:59:34 -0400
Processing by UsersController#profile as */*
Completed 500 Internal Server Error in 1ms (ActiveRecord: 0.0ms)


  
JWT::DecodeError (Not enough or too many segments):
  
app/controllers/application_controller.rb:20:in `decoded_token'
app/controllers/application_controller.rb:24:in `current_user'
app/controllers/users_controller.rb:21:in `profile'
Started POST "/login" for ::1 at 2019-06-24 16:59:54 -0400
Processing by AuthController#login as */*
  Parameters: {"username"=>"tim", "password"=>"[FILTERED]", "auth"=>{"username"=>"tim", "password"=>"[FILTERED]"}}
  [1m[36mUser Load (0.3ms)[0m  [1m[34mSELECT  "users".* FROM "users" WHERE "users"."username" = $1 LIMIT $2[0m  [["username", "tim"], ["LIMIT", 1]]
  ↳ app/controllers/auth_controller.rb:6
Completed 200 OK in 194ms (Views: 0.1ms | ActiveRecord: 5.3ms)


Started GET "/profile" for ::1 at 2019-06-24 16:59:54 -0400
Processing by UsersController#profile as */*
  [1m[36mUser Load (0.2ms)[0m  [1m[34mSELECT  "users".* FROM "users" WHERE "users"."id" = $1 LIMIT $2[0m  [["id", 1], ["LIMIT", 1]]
  ↳ app/controllers/application_controller.rb:24
Completed 200 OK in 1ms (Views: 0.2ms | ActiveRecord: 0.2ms)


Started GET "/profile" for ::1 at 2019-06-24 17:27:03 -0400
  [1m[35m (1.2ms)[0m  [1m[34mSELECT "schema_migrations"."version" FROM "schema_migrations" ORDER BY "schema_migrations"."version" ASC[0m
  ↳ /Users/soyeongoh/.rvm/rubies/ruby-2.6.1/lib/ruby/gems/2.6.0/gems/activerecord-5.2.3/lib/active_record/log_subscriber.rb:98
Processing by UsersController#profile as */*
  [1m[36mUser Load (0.4ms)[0m  [1m[34mSELECT  "users".* FROM "users" WHERE "users"."id" = $1 LIMIT $2[0m  [["id", 1], ["LIMIT", 1]]
  ↳ app/controllers/application_controller.rb:24
Completed 200 OK in 14ms (Views: 0.4ms | ActiveRecord: 6.0ms)


Started POST "/login" for ::1 at 2019-06-24 17:27:11 -0400
Processing by AuthController#login as */*
  Parameters: {"username"=>"tim", "password"=>"[FILTERED]", "auth"=>{"username"=>"tim", "password"=>"[FILTERED]"}}
  [1m[36mUser Load (0.3ms)[0m  [1m[34mSELECT  "users".* FROM "users" WHERE "users"."username" = $1 LIMIT $2[0m  [["username", "tim"], ["LIMIT", 1]]
  ↳ app/controllers/auth_controller.rb:6
Completed 200 OK in 189ms (Views: 0.1ms | ActiveRecord: 0.3ms)


Started GET "/profile" for ::1 at 2019-06-24 17:27:11 -0400
Processing by UsersController#profile as */*
  [1m[36mUser Load (0.2ms)[0m  [1m[34mSELECT  "users".* FROM "users" WHERE "users"."id" = $1 LIMIT $2[0m  [["id", 1], ["LIMIT", 1]]
  ↳ app/controllers/application_controller.rb:24
Completed 200 OK in 1ms (Views: 0.2ms | ActiveRecord: 0.2ms)


